<?xml version="1.0" encoding="UTF-8"?>
<testng-results ignored="0" total="4" passed="4" failed="0" skipped="0">
  <reporter-output>
  </reporter-output>
  <suite started-at="2022-11-13T20:52:09 IST" name="Default suite" finished-at="2022-11-13T20:52:14 IST" duration-ms="5461">
    <groups>
    </groups>
    <test started-at="2022-11-13T20:52:09 IST" name="Default test" finished-at="2022-11-13T20:52:14 IST" duration-ms="5461">
      <class name="testNGDataProvider.TestOne">
        <test-method signature="printStudentDetails(java.lang.String,int,java.util.Map)[pri:0, instance:testNGDataProvider.TestOne@1f97cf0d]" started-at="2022-11-13T20:52:09 IST" name="printStudentDetails" data-provider="Student" finished-at="2022-11-13T20:52:09 IST" duration-ms="12" status="PASS">
          <params>
            <param index="0">
              <value>
                <![CDATA[Bala]]>
              </value>
            </param>
            <param index="1">
              <value>
                <![CDATA[31]]>
              </value>
            </param>
            <param index="2">
              <value>
                <![CDATA[{Tamil=89, English=78, Maths=100, Science=89, SocialScience=90}]]>
              </value>
            </param>
          </params>
          <reporter-output>
          </reporter-output>
        </test-method> <!-- printStudentDetails -->
        <test-method signature="printStudentDetails(java.lang.String,int,java.util.Map)[pri:0, instance:testNGDataProvider.TestOne@1f97cf0d]" started-at="2022-11-13T20:52:09 IST" name="printStudentDetails" data-provider="Student" finished-at="2022-11-13T20:52:09 IST" duration-ms="2" status="PASS">
          <params>
            <param index="0">
              <value>
                <![CDATA[Sudha]]>
              </value>
            </param>
            <param index="1">
              <value>
                <![CDATA[28]]>
              </value>
            </param>
            <param index="2">
              <value>
                <![CDATA[{Tamil=98, English=70, Maths=100, Science=60, SocialScience=70}]]>
              </value>
            </param>
          </params>
          <reporter-output>
          </reporter-output>
        </test-method> <!-- printStudentDetails -->
        <test-method signature="printStudentDetails(java.lang.String,int,java.util.Map)[pri:0, instance:testNGDataProvider.TestOne@1f97cf0d]" started-at="2022-11-13T20:52:09 IST" name="printStudentDetails" data-provider="Student" finished-at="2022-11-13T20:52:09 IST" duration-ms="3" status="PASS">
          <params>
            <param index="0">
              <value>
                <![CDATA[Viji]]>
              </value>
            </param>
            <param index="1">
              <value>
                <![CDATA[33]]>
              </value>
            </param>
            <param index="2">
              <value>
                <![CDATA[{Tamil=96, English=97, Maths=100, Science=90, SocialScience=98}]]>
              </value>
            </param>
          </params>
          <reporter-output>
          </reporter-output>
        </test-method> <!-- printStudentDetails -->
        <test-method signature="totalOfDesiredSubjectOfStudents()[pri:0, instance:testNGDataProvider.TestOne@1f97cf0d]" started-at="2022-11-13T20:52:09 IST" name="totalOfDesiredSubjectOfStudents" finished-at="2022-11-13T20:52:14 IST" duration-ms="5343" status="PASS">
          <reporter-output>
          </reporter-output>
        </test-method> <!-- totalOfDesiredSubjectOfStudents -->
      </class> <!-- testNGDataProvider.TestOne -->
    </test> <!-- Default test -->
  </suite> <!-- Default suite -->
</testng-results>
