<?xml version="1.0" encoding="UTF-8"?>
<testng-results ignored="11" total="12" passed="1" failed="0" skipped="0">
  <reporter-output>
  </reporter-output>
  <suite started-at="2022-10-22T12:30:54 IST" name="Default suite" finished-at="2022-10-22T12:31:00 IST" duration-ms="6638">
    <groups>
    </groups>
    <test started-at="2022-10-22T12:30:54 IST" name="Default test" finished-at="2022-10-22T12:31:00 IST" duration-ms="6638">
      <class name="com.rest.SimplePojoTest">
        <test-method is-config="true" signature="beforeclass()[pri:0, instance:com.rest.SimplePojoTest@6fd83fc1]" started-at="2022-10-22T12:30:54 IST" name="beforeclass" finished-at="2022-10-22T12:30:54 IST" duration-ms="27" status="PASS">
          <reporter-output>
          </reporter-output>
        </test-method> <!-- beforeclass -->
        <test-method signature="get_Cart_using_CartID()[pri:0, instance:com.rest.SimplePojoTest@6fd83fc1]" started-at="2022-10-22T12:30:54 IST" name="get_Cart_using_CartID" finished-at="2022-10-22T12:31:00 IST" duration-ms="6511" status="PASS">
          <reporter-output>
          </reporter-output>
        </test-method> <!-- get_Cart_using_CartID -->
      </class> <!-- com.rest.SimplePojoTest -->
    </test> <!-- Default test -->
  </suite> <!-- Default suite -->
</testng-results>
