<?xml version="1.0" encoding="UTF-8"?>
<!-- Generated by org.testng.reporters.JUnitXMLReporter -->
<testsuite ignored="11" hostname="DESKTOP-FVH9OTV" failures="0" tests="1" name="Default test" time="6.638" errors="0" timestamp="2022-10-22T12:31:00 IST">
  <testcase classname="com.rest.SimplePojoTest" name="get_Cart_using_CartID" time="6.511"/>
  <testcase classname="com.rest.SimplePojoTest" name="Add_ItemTo_cart" time="0.0">
    <ignored/>
  </testcase> <!-- Add_ItemTo_cart -->
  <testcase classname="com.rest.SimplePojoTest" name="register_newAPI_Client" time="0.0">
    <ignored/>
  </testcase> <!-- register_newAPI_Client -->
  <testcase classname="com.rest.SimplePojoTest" name="get_ListOfProducts" time="0.0">
    <ignored/>
  </testcase> <!-- get_ListOfProducts -->
  <testcase classname="com.rest.SimplePojoTest" name="get_Cart_items" time="0.0">
    <ignored/>
  </testcase> <!-- get_Cart_items -->
  <testcase classname="com.rest.SimplePojoTest" name="get_status" time="0.0">
    <ignored/>
  </testcase> <!-- get_status -->
  <testcase classname="com.rest.SimplePojoTest" name="writeProperties" time="0.0">
    <ignored/>
  </testcase> <!-- writeProperties -->
  <testcase classname="com.rest.SimplePojoTest" name="loadProperties" time="0.0">
    <ignored/>
  </testcase> <!-- loadProperties -->
  <testcase classname="com.rest.SimplePojoTest" name="register_ExistingAPI_Client" time="0.0">
    <ignored/>
  </testcase> <!-- register_ExistingAPI_Client -->
  <testcase classname="com.rest.SimplePojoTest" name="create_new_order" time="0.0">
    <ignored/>
  </testcase> <!-- create_new_order -->
  <testcase classname="com.rest.SimplePojoTest" name="create_cart" time="0.0">
    <ignored/>
  </testcase> <!-- create_cart -->
  <testcase classname="com.rest.SimplePojoTest" name="get_Product" time="0.0">
    <ignored/>
  </testcase> <!-- get_Product -->
</testsuite> <!-- Default test -->
