<?xml version="1.0" encoding="UTF-8"?>
<!-- Generated by org.testng.reporters.JUnitXMLReporter -->
<testsuite ignored="0" hostname="DESKTOP-FVH9OTV" failures="0" tests="4" name="Default test" time="5.461" errors="0" timestamp="2022-11-13T20:52:14 IST">
  <testcase classname="testNGDataProvider.TestOne" name="printStudentDetails" time="0.012"/>
  <testcase classname="testNGDataProvider.TestOne" name="printStudentDetails" time="0.002"/>
  <testcase classname="testNGDataProvider.TestOne" name="printStudentDetails" time="0.003"/>
  <testcase classname="testNGDataProvider.TestOne" name="totalOfDesiredSubjectOfStudents" time="5.343"/>
</testsuite> <!-- Default test -->
